Warning[205] C:\USERS\JUANTORRES\TOTAL\MAPLAB\TP1-2REGSTATUS\STATUS.ASM 6 : Found directive in column 1. (ORG)
Warning[203] C:\USERS\JUANTORRES\TOTAL\MAPLAB\TP1-2REGSTATUS\STATUS.ASM 7 : Found opcode in column 1. (GOTO)
Warning[205] C:\USERS\JUANTORRES\TOTAL\MAPLAB\TP1-2REGSTATUS\STATUS.ASM 8 : Found directive in column 1. (ORG)
Warning[205] C:\USERS\JUANTORRES\TOTAL\MAPLAB\TP1-2REGSTATUS\STATUS.ASM 14 : Found directive in column 1. (CBLOCK)
Warning[210] C:\USERS\JUANTORRES\TOTAL\MAPLAB\TP1-2REGSTATUS\STATUS.ASM 15 : Extra ","
Warning[210] C:\USERS\JUANTORRES\TOTAL\MAPLAB\TP1-2REGSTATUS\STATUS.ASM 16 : Extra ","
Warning[210] C:\USERS\JUANTORRES\TOTAL\MAPLAB\TP1-2REGSTATUS\STATUS.ASM 17 : Extra ","
Warning[210] C:\USERS\JUANTORRES\TOTAL\MAPLAB\TP1-2REGSTATUS\STATUS.ASM 18 : Extra ","
Warning[205] C:\USERS\JUANTORRES\TOTAL\MAPLAB\TP1-2REGSTATUS\STATUS.ASM 19 : Found directive in column 1. (ENDC)
Warning[203] C:\USERS\JUANTORRES\TOTAL\MAPLAB\TP1-2REGSTATUS\STATUS.ASM 33 : Found opcode in column 1. (MOVLW)
Warning[203] C:\USERS\JUANTORRES\TOTAL\MAPLAB\TP1-2REGSTATUS\STATUS.ASM 34 : Found opcode in column 1. (ADDLW)
Warning[203] C:\USERS\JUANTORRES\TOTAL\MAPLAB\TP1-2REGSTATUS\STATUS.ASM 35 : Found opcode in column 1. (MOVWF)
Warning[203] C:\USERS\JUANTORRES\TOTAL\MAPLAB\TP1-2REGSTATUS\STATUS.ASM 38 : Found opcode in column 1. (BTFSS)
Warning[203] C:\USERS\JUANTORRES\TOTAL\MAPLAB\TP1-2REGSTATUS\STATUS.ASM 39 : Found opcode in column 1. (GOTO)
Warning[203] C:\USERS\JUANTORRES\TOTAL\MAPLAB\TP1-2REGSTATUS\STATUS.ASM 40 : Found opcode in column 1. (MOVLW)
Warning[203] C:\USERS\JUANTORRES\TOTAL\MAPLAB\TP1-2REGSTATUS\STATUS.ASM 41 : Found opcode in column 1. (MOVWF)
Warning[203] C:\USERS\JUANTORRES\TOTAL\MAPLAB\TP1-2REGSTATUS\STATUS.ASM 42 : Found opcode in column 1. (GOTO)
Warning[203] C:\USERS\JUANTORRES\TOTAL\MAPLAB\TP1-2REGSTATUS\STATUS.ASM 44 : Found opcode in column 1. (MOVLW)
Warning[203] C:\USERS\JUANTORRES\TOTAL\MAPLAB\TP1-2REGSTATUS\STATUS.ASM 45 : Found opcode in column 1. (MOVWF)
Warning[203] C:\USERS\JUANTORRES\TOTAL\MAPLAB\TP1-2REGSTATUS\STATUS.ASM 49 : Found opcode in column 1. (MOVLW)
Warning[203] C:\USERS\JUANTORRES\TOTAL\MAPLAB\TP1-2REGSTATUS\STATUS.ASM 50 : Found opcode in column 1. (ADDLW)
Warning[203] C:\USERS\JUANTORRES\TOTAL\MAPLAB\TP1-2REGSTATUS\STATUS.ASM 51 : Found opcode in column 1. (MOVWF)
Warning[203] C:\USERS\JUANTORRES\TOTAL\MAPLAB\TP1-2REGSTATUS\STATUS.ASM 53 : Found opcode in column 1. (BTFSS)
Warning[203] C:\USERS\JUANTORRES\TOTAL\MAPLAB\TP1-2REGSTATUS\STATUS.ASM 54 : Found opcode in column 1. (GOTO)
Warning[203] C:\USERS\JUANTORRES\TOTAL\MAPLAB\TP1-2REGSTATUS\STATUS.ASM 55 : Found opcode in column 1. (MOVLW)
Warning[203] C:\USERS\JUANTORRES\TOTAL\MAPLAB\TP1-2REGSTATUS\STATUS.ASM 56 : Found opcode in column 1. (MOVWF)
Warning[203] C:\USERS\JUANTORRES\TOTAL\MAPLAB\TP1-2REGSTATUS\STATUS.ASM 57 : Found opcode in column 1. (GOTO)
Warning[203] C:\USERS\JUANTORRES\TOTAL\MAPLAB\TP1-2REGSTATUS\STATUS.ASM 59 : Found opcode in column 1. (MOVLW)
Warning[203] C:\USERS\JUANTORRES\TOTAL\MAPLAB\TP1-2REGSTATUS\STATUS.ASM 60 : Found opcode in column 1. (MOVWF)
Warning[203] C:\USERS\JUANTORRES\TOTAL\MAPLAB\TP1-2REGSTATUS\STATUS.ASM 67 : Found opcode in column 1. (MOVLW)
Warning[203] C:\USERS\JUANTORRES\TOTAL\MAPLAB\TP1-2REGSTATUS\STATUS.ASM 68 : Found opcode in column 1. (SUBLW)
Warning[203] C:\USERS\JUANTORRES\TOTAL\MAPLAB\TP1-2REGSTATUS\STATUS.ASM 69 : Found opcode in column 1. (MOVWF)
Warning[203] C:\USERS\JUANTORRES\TOTAL\MAPLAB\TP1-2REGSTATUS\STATUS.ASM 71 : Found opcode in column 1. (BTFSS)
Warning[203] C:\USERS\JUANTORRES\TOTAL\MAPLAB\TP1-2REGSTATUS\STATUS.ASM 72 : Found opcode in column 1. (GOTO)
Warning[203] C:\USERS\JUANTORRES\TOTAL\MAPLAB\TP1-2REGSTATUS\STATUS.ASM 73 : Found opcode in column 1. (MOVLW)
Warning[203] C:\USERS\JUANTORRES\TOTAL\MAPLAB\TP1-2REGSTATUS\STATUS.ASM 74 : Found opcode in column 1. (MOVWF)
Warning[203] C:\USERS\JUANTORRES\TOTAL\MAPLAB\TP1-2REGSTATUS\STATUS.ASM 75 : Found opcode in column 1. (GOTO)
Warning[203] C:\USERS\JUANTORRES\TOTAL\MAPLAB\TP1-2REGSTATUS\STATUS.ASM 77 : Found opcode in column 1. (MOVLW)
Warning[203] C:\USERS\JUANTORRES\TOTAL\MAPLAB\TP1-2REGSTATUS\STATUS.ASM 78 : Found opcode in column 1. (MOVWF)
Warning[203] C:\USERS\JUANTORRES\TOTAL\MAPLAB\TP1-2REGSTATUS\STATUS.ASM 82 : Found opcode in column 1. (MOVLW)
Warning[203] C:\USERS\JUANTORRES\TOTAL\MAPLAB\TP1-2REGSTATUS\STATUS.ASM 83 : Found opcode in column 1. (SUBLW)
Warning[203] C:\USERS\JUANTORRES\TOTAL\MAPLAB\TP1-2REGSTATUS\STATUS.ASM 84 : Found opcode in column 1. (MOVWF)
Warning[203] C:\USERS\JUANTORRES\TOTAL\MAPLAB\TP1-2REGSTATUS\STATUS.ASM 86 : Found opcode in column 1. (BTFSS)
Warning[203] C:\USERS\JUANTORRES\TOTAL\MAPLAB\TP1-2REGSTATUS\STATUS.ASM 87 : Found opcode in column 1. (GOTO)
Warning[203] C:\USERS\JUANTORRES\TOTAL\MAPLAB\TP1-2REGSTATUS\STATUS.ASM 88 : Found opcode in column 1. (MOVLW)
Warning[203] C:\USERS\JUANTORRES\TOTAL\MAPLAB\TP1-2REGSTATUS\STATUS.ASM 89 : Found opcode in column 1. (MOVWF)
Warning[203] C:\USERS\JUANTORRES\TOTAL\MAPLAB\TP1-2REGSTATUS\STATUS.ASM 90 : Found opcode in column 1. (GOTO)
Warning[203] C:\USERS\JUANTORRES\TOTAL\MAPLAB\TP1-2REGSTATUS\STATUS.ASM 92 : Found opcode in column 1. (MOVLW)
Warning[203] C:\USERS\JUANTORRES\TOTAL\MAPLAB\TP1-2REGSTATUS\STATUS.ASM 93 : Found opcode in column 1. (MOVWF)
Warning[205] C:\USERS\JUANTORRES\TOTAL\MAPLAB\TP1-2REGSTATUS\STATUS.ASM 95 : Found directive in column 1. (END)
