MPASM  5.01                        STATUS.ASM   8-21-2015  16:42:00         PAGE  1


LOC  OBJECT CODE     LINE SOURCE TEXT
  VALUE

                      00001 #INCLUDE <p16f877.inc>   ; 
                      00001         LIST
                      00002 ; P16F877.INC  Standard Header File, Version 1.00    Microchip Technology, Inc.
                      00373         LIST
                      00002 
                      00003 ;**********************************************************************
                      00004 ;                    INITIALISATION                     *
                      00005 ;**********************************************************************
Warning[205]: Found directive in column 1. (ORG)
0000                  00006 ORG 0X00; Addressede Initialisation
Warning[203]: Found opcode in column 1. (GOTO)
0000   2820           00007 GOTO debut; 
Warning[205]: Found directive in column 1. (ORG)
0020                  00008 ORG 0X20; Addressede Initialisation
                      00009 
0020                  00010 debut;
                      00011 ;**********************************************************************
                      00012 ;                      VARIABLES                       *
                      00013 ;**********************************************************************
Warning[205]: Found directive in column 1. (CBLOCK)
                      00014 CBLOCK 0X20;Declaration des Variables  Debut 0X20
Warning[210]: Extra ","
  00000020            00015 Cbit1,
Warning[210]: Extra ","
  00000021            00016 Cbit2,
Warning[210]: Extra ","
  00000022            00017 Cbit3,
Warning[210]: Extra ","
  00000023            00018 Cbit4,
Warning[205]: Found directive in column 1. (ENDC)
                      00019 ENDC
                      00020 
  00000024            00021 result1 EQU 0X24
  00000025            00022 result2 EQU 0X25
  00000026            00023 result3 EQU 0X26
  00000027            00024 result4 EQU 0X27
                      00025 
                      00026 
                      00027 
                      00028 ;**********************************************************************
                      00029 ;                      ADDITION                      *
                      00030 ;**********************************************************************
                      00031 
                      00032 ;                      DEPASSEMENT PAR SOMME C=1  MSB=NON SIGNE  255  
Warning[203]: Found opcode in column 1. (MOVLW)
0020   30FF           00033 MOVLW 0XFF;255
Warning[203]: Found opcode in column 1. (ADDLW)
0021   3E01           00034 ADDLW 0X01; Addition 255+1=256
Warning[203]: Found opcode in column 1. (MOVWF)
0022   00A4           00035 MOVWF result1  ;256 egal a 1 0000 0000 Deppassement C=1(Bit 8)
                      00036 
                      00037 
Warning[203]: Found opcode in column 1. (BTFSS)
MPASM  5.01                        STATUS.ASM   8-21-2015  16:42:00         PAGE  2


LOC  OBJECT CODE     LINE SOURCE TEXT
  VALUE

0023   1C03           00038 BTFSS STATUS,C ;IF BIT C=1 du STATUS REG  on SAUT 1 Istruction
Warning[203]: Found opcode in column 1. (GOTO)
0024   2828           00039 GOTO opt2; IF NOT  , soit C=0 ; on execute GOTO opt2
Warning[203]: Found opcode in column 1. (MOVLW)
0025   30FF           00040 MOVLW 0XFF
Warning[203]: Found opcode in column 1. (MOVWF)
0026   00A0           00041 MOVWF Cbit1  ;OPTION que doit s'activers lors de l'addition 0XFF=Cbit1
Warning[203]: Found opcode in column 1. (GOTO)
0027   282A           00042 GOTO opt1
0028                  00043 opt2:
Warning[203]: Found opcode in column 1. (MOVLW)
0028   3000           00044 MOVLW 0X00;OPTION qui et a ZERO 0 registre artificiel Cbit(8bit) , c'est une afficheur qui dis que le BI
                            T C doit etre 0
Warning[203]: Found opcode in column 1. (MOVWF)
0029   00A0           00045 MOVWF Cbit1
002A                  00046 opt1:
                      00047 ;                   NON  DEPASSEMENT PAR SOMME C=0  MSB=NON SIGNE  255  
                      00048 
Warning[203]: Found opcode in column 1. (MOVLW)
002A   30FE           00049 MOVLW 0XFE
Warning[203]: Found opcode in column 1. (ADDLW)
002B   3E01           00050 ADDLW 0X01  ; Somme de 0XFE+0X01=0XFF Il n'y a pas de depassement a bit C
Warning[203]: Found opcode in column 1. (MOVWF)
002C   00A5           00051 MOVWF result2;255 le resultat2 de la somme  result2=0xFF
                      00052 
Warning[203]: Found opcode in column 1. (BTFSS)
002D   1C03           00053 BTFSS STATUS,C ; Saut un instruction si C=1 
Warning[203]: Found opcode in column 1. (GOTO)
002E   2832           00054 GOTO A
Warning[203]: Found opcode in column 1. (MOVLW)
002F   30FF           00055 MOVLW 0XFF
Warning[203]: Found opcode in column 1. (MOVWF)
0030   00A1           00056 MOVWF Cbit2
Warning[203]: Found opcode in column 1. (GOTO)
0031   2834           00057 GOTO BB 
0032                  00058 A:
Warning[203]: Found opcode in column 1. (MOVLW)
0032   3000           00059 MOVLW 0X00
Warning[203]: Found opcode in column 1. (MOVWF)
0033   00A1           00060 MOVWF Cbit2  ; on devrait obtenir  C=0  et Cbut2=0x00
0034                  00061 BB:
                      00062 
                      00063 ;**********************************************************************
                      00064 ;                     LA SOUSTRACTION                     *
                      00065 ;**********************************************************************
                      00066 ;      RESULTAT DE SOUSTRACTION POSITIVE C=1
Warning[203]: Found opcode in column 1. (MOVLW)
0034   3002           00067 MOVLW 0X02   ;  1111 1110=-2 
Warning[203]: Found opcode in column 1. (SUBLW)
0035   3C07           00068 SUBLW 0X07   ;  0000 0111=+7 
Warning[203]: Found opcode in column 1. (MOVWF)
0036   00A6           00069 MOVWF result3; 10000 0101=+5
                      00070 
MPASM  5.01                        STATUS.ASM   8-21-2015  16:42:00         PAGE  3


LOC  OBJECT CODE     LINE SOURCE TEXT
  VALUE

Warning[203]: Found opcode in column 1. (BTFSS)
0037   1C03           00071 BTFSS STATUS,C
Warning[203]: Found opcode in column 1. (GOTO)
0038   283C           00072 GOTO option222
Warning[203]: Found opcode in column 1. (MOVLW)
0039   30FF           00073 MOVLW 0XFF
Warning[203]: Found opcode in column 1. (MOVWF)
003A   00A2           00074 MOVWF Cbit3;on devrait obtenir C=1 car le resulat de la soustraction est NEGATIVE
Warning[203]: Found opcode in column 1. (GOTO)
003B   283E           00075 GOTO option111
003C                  00076 option222:
Warning[203]: Found opcode in column 1. (MOVLW)
003C   3000           00077 MOVLW 0X00
Warning[203]: Found opcode in column 1. (MOVWF)
003D   00A2           00078 MOVWF Cbit3  
003E                  00079 option111:
                      00080 
                      00081 ;     RESULTAT DE SOUSTRACTION NEGATIVE C=0
Warning[203]: Found opcode in column 1. (MOVLW)
003E   3009           00082 MOVLW 0X09   ;  
Warning[203]: Found opcode in column 1. (SUBLW)
003F   3C04           00083 SUBLW 0X04   ;  W=4-9=-5 = 1111 1011=0XFB
Warning[203]: Found opcode in column 1. (MOVWF)
0040   00A7           00084 MOVWF result4; le resultata sera -5=0xFB
                      00085 
Warning[203]: Found opcode in column 1. (BTFSS)
0041   1C03           00086 BTFSS STATUS,C
Warning[203]: Found opcode in column 1. (GOTO)
0042   2846           00087 GOTO option2222
Warning[203]: Found opcode in column 1. (MOVLW)
0043   30FF           00088 MOVLW 0XFF
Warning[203]: Found opcode in column 1. (MOVWF)
0044   00A3           00089 MOVWF Cbit4
Warning[203]: Found opcode in column 1. (GOTO)
0045   2848           00090 GOTO option1111
0046                  00091 option2222:
Warning[203]: Found opcode in column 1. (MOVLW)
0046   3000           00092 MOVLW 0X00   ;On devrait obtenir C=0  car si le resultat de la soustraction 
Warning[203]: Found opcode in column 1. (MOVWF)
0047   00A3           00093 MOVWF Cbit4  ;est negative il n'yaura pas JAMAIS de depassement 
0048                  00094 option1111:  
Warning[205]: Found directive in column 1. (END)
                      00095 END 
MPASM  5.01                        STATUS.ASM   8-21-2015  16:42:00         PAGE  4


SYMBOL TABLE
  LABEL                             VALUE 

A                                 00000032
ACKDT                             00000005
ACKEN                             00000004
ACKSTAT                           00000006
ADCON0                            0000001F
ADCON1                            0000009F
ADCS0                             00000006
ADCS1                             00000007
ADDEN                             00000003
ADFM                              00000007
ADIE                              00000006
ADIF                              00000006
ADON                              00000000
ADRESH                            0000001E
ADRESL                            0000009E
BB                                00000034
BCLIE                             00000003
BCLIF                             00000003
BF                                00000000
BRGH                              00000002
C                                 00000000
CCP1CON                           00000017
CCP1IE                            00000002
CCP1IF                            00000002
CCP1M0                            00000000
CCP1M1                            00000001
CCP1M2                            00000002
CCP1M3                            00000003
CCP1X                             00000005
CCP1Y                             00000004
CCP2CON                           0000001D
CCP2IE                            00000000
CCP2IF                            00000000
CCP2M0                            00000000
CCP2M1                            00000001
CCP2M2                            00000002
CCP2M3                            00000003
CCP2X                             00000005
CCP2Y                             00000004
CCPR1H                            00000016
CCPR1L                            00000015
CCPR2H                            0000001C
CCPR2L                            0000001B
CHS0                              00000003
CHS1                              00000004
CHS2                              00000005
CKE                               00000006
CKP                               00000004
CREN                              00000004
CSRC                              00000007
Cbit1                             00000020
Cbit2                             00000021
Cbit3                             00000022
MPASM  5.01                        STATUS.ASM   8-21-2015  16:42:00         PAGE  5


SYMBOL TABLE
  LABEL                             VALUE 

Cbit4                             00000023
D                                 00000005
DATA_ADDRESS                      00000005
DC                                00000001
D_A                               00000005
EEADR                             0000010D
EEADRH                            0000010F
EECON1                            0000018C
EECON2                            0000018D
EEDATA                            0000010C
EEDATH                            0000010E
EEIE                              00000004
EEIF                              00000004
EEPGD                             00000007
F                                 00000001
FERR                              00000002
FSR                               00000004
GCEN                              00000007
GIE                               00000007
GO                                00000002
GO_DONE                           00000002
I2C_DATA                          00000005
I2C_READ                          00000002
I2C_START                         00000003
I2C_STOP                          00000004
IBF                               00000007
IBOV                              00000005
INDF                              00000000
INTCON                            0000000B
INTE                              00000004
INTEDG                            00000006
INTF                              00000001
IRP                               00000007
NOT_A                             00000005
NOT_ADDRESS                       00000005
NOT_BO                            00000000
NOT_BOR                           00000000
NOT_DONE                          00000002
NOT_PD                            00000003
NOT_POR                           00000001
NOT_RBPU                          00000007
NOT_RC8                           00000006
NOT_T1SYNC                        00000002
NOT_TO                            00000004
NOT_TX8                           00000006
NOT_W                             00000002
NOT_WRITE                         00000002
OBF                               00000006
OERR                              00000001
OPTION_REG                        00000081
P                                 00000004
PCFG0                             00000000
PCFG1                             00000001
MPASM  5.01                        STATUS.ASM   8-21-2015  16:42:00         PAGE  6


SYMBOL TABLE
  LABEL                             VALUE 

PCFG2                             00000002
PCFG3                             00000003
PCL                               00000002
PCLATH                            0000000A
PCON                              0000008E
PEIE                              00000006
PEN                               00000002
PIE1                              0000008C
PIE2                              0000008D
PIR1                              0000000C
PIR2                              0000000D
PORTA                             00000005
PORTB                             00000006
PORTC                             00000007
PORTD                             00000008
PORTE                             00000009
PR2                               00000092
PS0                               00000000
PS1                               00000001
PS2                               00000002
PSA                               00000003
PSPIE                             00000007
PSPIF                             00000007
PSPMODE                           00000004
R                                 00000002
RBIE                              00000003
RBIF                              00000000
RC8_9                             00000006
RC9                               00000006
RCD8                              00000000
RCEN                              00000003
RCIE                              00000005
RCIF                              00000005
RCREG                             0000001A
RCSTA                             00000018
RD                                00000000
READ_WRITE                        00000002
RP0                               00000005
RP1                               00000006
RSEN                              00000001
RX9                               00000006
RX9D                              00000000
R_W                               00000002
S                                 00000003
SEN                               00000000
SMP                               00000007
SPBRG                             00000099
SPEN                              00000007
SREN                              00000005
SSPADD                            00000093
SSPBUF                            00000013
SSPCON                            00000014
SSPCON2                           00000091
MPASM  5.01                        STATUS.ASM   8-21-2015  16:42:00         PAGE  7


SYMBOL TABLE
  LABEL                             VALUE 

SSPEN                             00000005
SSPIE                             00000003
SSPIF                             00000003
SSPM0                             00000000
SSPM1                             00000001
SSPM2                             00000002
SSPM3                             00000003
SSPOV                             00000006
SSPSTAT                           00000094
STATUS                            00000003
SYNC                              00000004
T0CS                              00000005
T0IE                              00000005
T0IF                              00000002
T0SE                              00000004
T1CKPS0                           00000004
T1CKPS1                           00000005
T1CON                             00000010
T1INSYNC                          00000002
T1OSCEN                           00000003
T1SYNC                            00000002
T2CKPS0                           00000000
T2CKPS1                           00000001
T2CON                             00000012
TMR0                              00000001
TMR1CS                            00000001
TMR1H                             0000000F
TMR1IE                            00000000
TMR1IF                            00000000
TMR1L                             0000000E
TMR1ON                            00000000
TMR2                              00000011
TMR2IE                            00000001
TMR2IF                            00000001
TMR2ON                            00000002
TOUTPS0                           00000003
TOUTPS1                           00000004
TOUTPS2                           00000005
TOUTPS3                           00000006
TRISA                             00000085
TRISB                             00000086
TRISC                             00000087
TRISD                             00000088
TRISE                             00000089
TRISE0                            00000000
TRISE1                            00000001
TRISE2                            00000002
TRMT                              00000001
TX8_9                             00000006
TX9                               00000006
TX9D                              00000000
TXD8                              00000000
TXEN                              00000005
MPASM  5.01                        STATUS.ASM   8-21-2015  16:42:00         PAGE  8


SYMBOL TABLE
  LABEL                             VALUE 

TXIE                              00000004
TXIF                              00000004
TXREG                             00000019
TXSTA                             00000098
UA                                00000001
W                                 00000000
WCOL                              00000007
WR                                00000001
WREN                              00000002
WRERR                             00000003
Z                                 00000002
_BODEN_OFF                        00003FBF
_BODEN_ON                         00003FFF
_CPD_OFF                          00003FFF
_CPD_ON                           00003EFF
_CP_ALL                           00000FCF
_CP_HALF                          00001FDF
_CP_OFF                           00003FFF
_CP_UPPER_256                     00002FEF
_DEBUG_OFF                        00003FFF
_DEBUG_ON                         000037FF
_HS_OSC                           00003FFE
_LP_OSC                           00003FFC
_LVP_OFF                          00003F7F
_LVP_ON                           00003FFF
_PWRTE_OFF                        00003FFF
_PWRTE_ON                         00003FF7
_RC_OSC                           00003FFF
_WDT_OFF                          00003FFB
_WDT_ON                           00003FFF
_WRT_ENABLE_OFF                   00003DFF
_WRT_ENABLE_ON                    00003FFF
_XT_OSC                           00003FFD
__16F877                          00000001
debut                             00000020
opt1                              0000002A
opt2                              00000028
option111                         0000003E
option1111                        00000048
option222                         0000003C
option2222                        00000046
result1                           00000024
result2                           00000025
result3                           00000026
result4                           00000027
MPASM  5.01                        STATUS.ASM   8-21-2015  16:42:00         PAGE  9


MEMORY USAGE MAP ('X' = Used,  '-' = Unused)


0000 : X--------------- ---------------- XXXXXXXXXXXXXXXX XXXXXXXXXXXXXXXX
0040 : XXXXXXXX-------- ---------------- ---------------- ----------------

All other memory blocks unused.

Program Memory Words Used:    41
Program Memory Words Free:  8151


Errors   :     0
Warnings :    50 reported,     0 suppressed
Messages :     0 reported,     0 suppressed

