Warning[205] C:\USERS\JUANTORRES\TOTAL\MAPLAB\TP1-2REGSTATUSB\STATUSB.ASM 6 : Found directive in column 1. (ORG)
Warning[203] C:\USERS\JUANTORRES\TOTAL\MAPLAB\TP1-2REGSTATUSB\STATUSB.ASM 7 : Found opcode in column 1. (GOTO)
Warning[205] C:\USERS\JUANTORRES\TOTAL\MAPLAB\TP1-2REGSTATUSB\STATUSB.ASM 8 : Found directive in column 1. (ORG)
Warning[205] C:\USERS\JUANTORRES\TOTAL\MAPLAB\TP1-2REGSTATUSB\STATUSB.ASM 12 : Found directive in column 1. (CBLOCK)
Warning[210] C:\USERS\JUANTORRES\TOTAL\MAPLAB\TP1-2REGSTATUSB\STATUSB.ASM 13 : Extra ","
Warning[210] C:\USERS\JUANTORRES\TOTAL\MAPLAB\TP1-2REGSTATUSB\STATUSB.ASM 14 : Extra ","
Warning[205] C:\USERS\JUANTORRES\TOTAL\MAPLAB\TP1-2REGSTATUSB\STATUSB.ASM 17 : Found directive in column 1. (ENDC)
Warning[203] C:\USERS\JUANTORRES\TOTAL\MAPLAB\TP1-2REGSTATUSB\STATUSB.ASM 25 : Found opcode in column 1. (MOVLW)
Warning[203] C:\USERS\JUANTORRES\TOTAL\MAPLAB\TP1-2REGSTATUSB\STATUSB.ASM 26 : Found opcode in column 1. (MOVWF)
Warning[203] C:\USERS\JUANTORRES\TOTAL\MAPLAB\TP1-2REGSTATUSB\STATUSB.ASM 27 : Found opcode in column 1. (INCF)
Warning[203] C:\USERS\JUANTORRES\TOTAL\MAPLAB\TP1-2REGSTATUSB\STATUSB.ASM 28 : Found opcode in column 1. (INCF)
Warning[203] C:\USERS\JUANTORRES\TOTAL\MAPLAB\TP1-2REGSTATUSB\STATUSB.ASM 30 : Found opcode in column 1. (BTFSS)
Warning[203] C:\USERS\JUANTORRES\TOTAL\MAPLAB\TP1-2REGSTATUSB\STATUSB.ASM 31 : Found opcode in column 1. (GOTO)
Warning[203] C:\USERS\JUANTORRES\TOTAL\MAPLAB\TP1-2REGSTATUSB\STATUSB.ASM 32 : Found opcode in column 1. (MOVLW)
Warning[203] C:\USERS\JUANTORRES\TOTAL\MAPLAB\TP1-2REGSTATUSB\STATUSB.ASM 33 : Found opcode in column 1. (MOVWF)
Warning[203] C:\USERS\JUANTORRES\TOTAL\MAPLAB\TP1-2REGSTATUSB\STATUSB.ASM 34 : Found opcode in column 1. (GOTO)
Warning[203] C:\USERS\JUANTORRES\TOTAL\MAPLAB\TP1-2REGSTATUSB\STATUSB.ASM 36 : Found opcode in column 1. (MOVLW)
Warning[203] C:\USERS\JUANTORRES\TOTAL\MAPLAB\TP1-2REGSTATUSB\STATUSB.ASM 37 : Found opcode in column 1. (MOVWF)
Warning[203] C:\USERS\JUANTORRES\TOTAL\MAPLAB\TP1-2REGSTATUSB\STATUSB.ASM 41 : Found opcode in column 1. (MOVLW)
Warning[203] C:\USERS\JUANTORRES\TOTAL\MAPLAB\TP1-2REGSTATUSB\STATUSB.ASM 42 : Found opcode in column 1. (MOVWF)
Warning[203] C:\USERS\JUANTORRES\TOTAL\MAPLAB\TP1-2REGSTATUSB\STATUSB.ASM 43 : Found opcode in column 1. (INCF)
Warning[203] C:\USERS\JUANTORRES\TOTAL\MAPLAB\TP1-2REGSTATUSB\STATUSB.ASM 44 : Found opcode in column 1. (INCF)
Warning[203] C:\USERS\JUANTORRES\TOTAL\MAPLAB\TP1-2REGSTATUSB\STATUSB.ASM 46 : Found opcode in column 1. (BTFSS)
Warning[203] C:\USERS\JUANTORRES\TOTAL\MAPLAB\TP1-2REGSTATUSB\STATUSB.ASM 47 : Found opcode in column 1. (GOTO)
Warning[203] C:\USERS\JUANTORRES\TOTAL\MAPLAB\TP1-2REGSTATUSB\STATUSB.ASM 48 : Found opcode in column 1. (MOVLW)
Warning[203] C:\USERS\JUANTORRES\TOTAL\MAPLAB\TP1-2REGSTATUSB\STATUSB.ASM 49 : Found opcode in column 1. (MOVWF)
Warning[203] C:\USERS\JUANTORRES\TOTAL\MAPLAB\TP1-2REGSTATUSB\STATUSB.ASM 50 : Found opcode in column 1. (GOTO)
Warning[203] C:\USERS\JUANTORRES\TOTAL\MAPLAB\TP1-2REGSTATUSB\STATUSB.ASM 52 : Found opcode in column 1. (MOVLW)
Warning[203] C:\USERS\JUANTORRES\TOTAL\MAPLAB\TP1-2REGSTATUSB\STATUSB.ASM 53 : Found opcode in column 1. (MOVWF)
Warning[203] C:\USERS\JUANTORRES\TOTAL\MAPLAB\TP1-2REGSTATUSB\STATUSB.ASM 60 : Found opcode in column 1. (MOVLW)
Warning[203] C:\USERS\JUANTORRES\TOTAL\MAPLAB\TP1-2REGSTATUSB\STATUSB.ASM 61 : Found opcode in column 1. (MOVWF)
Warning[203] C:\USERS\JUANTORRES\TOTAL\MAPLAB\TP1-2REGSTATUSB\STATUSB.ASM 62 : Found opcode in column 1. (MOVLW)
Warning[203] C:\USERS\JUANTORRES\TOTAL\MAPLAB\TP1-2REGSTATUSB\STATUSB.ASM 63 : Found opcode in column 1. (ADDWF)
Warning[203] C:\USERS\JUANTORRES\TOTAL\MAPLAB\TP1-2REGSTATUSB\STATUSB.ASM 65 : Found opcode in column 1. (BTFSC)
Warning[203] C:\USERS\JUANTORRES\TOTAL\MAPLAB\TP1-2REGSTATUSB\STATUSB.ASM 66 : Found opcode in column 1. (GOTO)
Warning[203] C:\USERS\JUANTORRES\TOTAL\MAPLAB\TP1-2REGSTATUSB\STATUSB.ASM 67 : Found opcode in column 1. (MOVLW)
Warning[203] C:\USERS\JUANTORRES\TOTAL\MAPLAB\TP1-2REGSTATUSB\STATUSB.ASM 68 : Found opcode in column 1. (MOVWF)
Warning[203] C:\USERS\JUANTORRES\TOTAL\MAPLAB\TP1-2REGSTATUSB\STATUSB.ASM 69 : Found opcode in column 1. (GOTO)
Warning[203] C:\USERS\JUANTORRES\TOTAL\MAPLAB\TP1-2REGSTATUSB\STATUSB.ASM 71 : Found opcode in column 1. (MOVLW)
Warning[203] C:\USERS\JUANTORRES\TOTAL\MAPLAB\TP1-2REGSTATUSB\STATUSB.ASM 72 : Found opcode in column 1. (MOVWF)
Warning[203] C:\USERS\JUANTORRES\TOTAL\MAPLAB\TP1-2REGSTATUSB\STATUSB.ASM 76 : Found opcode in column 1. (MOVLW)
Warning[203] C:\USERS\JUANTORRES\TOTAL\MAPLAB\TP1-2REGSTATUSB\STATUSB.ASM 77 : Found opcode in column 1. (MOVWF)
Warning[203] C:\USERS\JUANTORRES\TOTAL\MAPLAB\TP1-2REGSTATUSB\STATUSB.ASM 78 : Found opcode in column 1. (MOVLW)
Warning[203] C:\USERS\JUANTORRES\TOTAL\MAPLAB\TP1-2REGSTATUSB\STATUSB.ASM 79 : Found opcode in column 1. (SUBWF)
Warning[203] C:\USERS\JUANTORRES\TOTAL\MAPLAB\TP1-2REGSTATUSB\STATUSB.ASM 82 : Found opcode in column 1. (BTFSC)
Warning[203] C:\USERS\JUANTORRES\TOTAL\MAPLAB\TP1-2REGSTATUSB\STATUSB.ASM 83 : Found opcode in column 1. (GOTO)
Warning[203] C:\USERS\JUANTORRES\TOTAL\MAPLAB\TP1-2REGSTATUSB\STATUSB.ASM 84 : Found opcode in column 1. (MOVLW)
Warning[203] C:\USERS\JUANTORRES\TOTAL\MAPLAB\TP1-2REGSTATUSB\STATUSB.ASM 85 : Found opcode in column 1. (MOVWF)
Warning[203] C:\USERS\JUANTORRES\TOTAL\MAPLAB\TP1-2REGSTATUSB\STATUSB.ASM 86 : Found opcode in column 1. (GOTO)
Warning[203] C:\USERS\JUANTORRES\TOTAL\MAPLAB\TP1-2REGSTATUSB\STATUSB.ASM 88 : Found opcode in column 1. (MOVLW)
Warning[203] C:\USERS\JUANTORRES\TOTAL\MAPLAB\TP1-2REGSTATUSB\STATUSB.ASM 89 : Found opcode in column 1. (MOVWF)
Warning[205] C:\USERS\JUANTORRES\TOTAL\MAPLAB\TP1-2REGSTATUSB\STATUSB.ASM 91 : Found directive in column 1. (END)
