MPASM  5.01                       STATUSB.ASM   9-4-2015  15:51:32         PAGE  1


LOC  OBJECT CODE     LINE SOURCE TEXT
  VALUE

                      00001 #INCLUDE <p16f877.inc>   ; 
                      00001         LIST
                      00002 ; P16F877.INC  Standard Header File, Version 1.00    Microchip Technology, Inc.
                      00373         LIST
                      00002 
                      00003 
                      00004 
                      00005 ; ******************INITIALISATION****************************** 
Warning[205]: Found directive in column 1. (ORG)
0000                  00006 ORG 0X00; Addressede Initialisation
Warning[203]: Found opcode in column 1. (GOTO)
0000   2820           00007 GOTO debut; 
Warning[205]: Found directive in column 1. (ORG)
0020                  00008 ORG 0X20; Addressede Initialisation
0020                  00009 debut;
                      00010 
                      00011 ;********************VARIABLES****************************** 
Warning[205]: Found directive in column 1. (CBLOCK)
                      00012 CBLOCK 0X20;Declaration des Variables  Debut 0XA0 ZONE General Purpose Registre 0XA0-0XEF
Warning[210]: Extra ","
  00000020            00013 Zbit1,   ;0XA0
Warning[210]: Extra ","
  00000021            00014 Zbit2,   ;0XA1
  00000022            00015 DCbit1:2 ;0XA2
  00000024            00016 DCbit2;   0xA4=0XA2+2 =Addresse de Fin 
Warning[205]: Found directive in column 1. (ENDC)
                      00017 ENDC
  00000025            00018 result5 EQU 0x25
  00000026            00019 result6 EQU 0X26
  00000027            00020 result7 EQU 0X27
  00000028            00021 result8 EQU 0X28
                      00022 ;********************Utilisation Bit Z****************************** 
                      00023 
                      00024 ; Si le Resultat de l'Operation anterieur  est 0 alors BIT Z=0 
Warning[203]: Found opcode in column 1. (MOVLW)
0020   30FF           00025 MOVLW 0XFF   ; Enregistrer 0XFF=255 dasn le registre W 
Warning[203]: Found opcode in column 1. (MOVWF)
0021   00A5           00026 MOVWF result5; Enregistrer 0XFF=255 dasn le registre result5 
Warning[203]: Found opcode in column 1. (INCF)
0022   0A25           00027 INCF result5,0 ;Incrementer 255+1= 00 alors BIT Z =0 stocker en W
Warning[203]: Found opcode in column 1. (INCF)
0023   0AA5           00028 INCF result5,1 ;Incrementer 255+1= 00 alors BIT Z =0 stocker en result5
                      00029 
Warning[203]: Found opcode in column 1. (BTFSS)
0024   1D03           00030 BTFSS STATUS,Z
Warning[203]: Found opcode in column 1. (GOTO)
0025   2829           00031 GOTO optionZ2
Warning[203]: Found opcode in column 1. (MOVLW)
0026   30FF           00032 MOVLW 0XFF
Warning[203]: Found opcode in column 1. (MOVWF)
0027   00A0           00033 MOVWF Zbit1;on devrait obtenir Z=1 car le resulat de l'Operation c'est 0 ZERO 
Warning[203]: Found opcode in column 1. (GOTO)
0028   282B           00034 GOTO optionZ1
MPASM  5.01                       STATUSB.ASM   9-4-2015  15:51:32         PAGE  2


LOC  OBJECT CODE     LINE SOURCE TEXT
  VALUE

0029                  00035 optionZ2:
Warning[203]: Found opcode in column 1. (MOVLW)
0029   3000           00036 MOVLW 0X00
Warning[203]: Found opcode in column 1. (MOVWF)
002A   00A0           00037 MOVWF Zbit1  
002B                  00038 optionZ1:
                      00039 
                      00040 ;  Resultat Operation anterieur  est DIFFERENT a 0 alors BIT Z=0
Warning[203]: Found opcode in column 1. (MOVLW)
002B   30FE           00041 MOVLW 0XFE   ; Enregistrer 0XFF=255 dasn le registre W 
Warning[203]: Found opcode in column 1. (MOVWF)
002C   00A6           00042 MOVWF result6; Enregistrer 0XFF=255 dasn le registre result5 
Warning[203]: Found opcode in column 1. (INCF)
002D   0A26           00043 INCF result6,0 ;Incrementer 255+1= 00 alors BIT Z =0 stocker en W
Warning[203]: Found opcode in column 1. (INCF)
002E   0AA6           00044 INCF result6,1 ;Incrementer 255+1= 00 alors BIT Z =0 stocker en result6
                      00045 
Warning[203]: Found opcode in column 1. (BTFSS)
002F   1D03           00046 BTFSS STATUS,Z
Warning[203]: Found opcode in column 1. (GOTO)
0030   2834           00047 GOTO optionZ22
Warning[203]: Found opcode in column 1. (MOVLW)
0031   30FF           00048 MOVLW 0XFF
Warning[203]: Found opcode in column 1. (MOVWF)
0032   00A1           00049 MOVWF Zbit2
Warning[203]: Found opcode in column 1. (GOTO)
0033   2836           00050 GOTO optionZ11
0034                  00051 optionZ22:
Warning[203]: Found opcode in column 1. (MOVLW)
0034   3000           00052 MOVLW 0X00
Warning[203]: Found opcode in column 1. (MOVWF)
0035   00A1           00053 MOVWF Zbit2;on devrait obtenir Z=0 car
0036                  00054 optionZ11:  ;le resulat de l'Operation est DIFFERENT A ZERO 
                      00055 
                      00056 ;********************Utilisation Bit DC****************************** 
                      00057 
                      00058 
                      00059 ; Depassement DC=1  de 3eme Bit a 4eme Bit 
Warning[203]: Found opcode in column 1. (MOVLW)
0036   300F           00060 MOVLW 0X0F; 0000 1111
Warning[203]: Found opcode in column 1. (MOVWF)
0037   00A7           00061 MOVWF result7
Warning[203]: Found opcode in column 1. (MOVLW)
0038   3001           00062 MOVLW 0X01;
Warning[203]: Found opcode in column 1. (ADDWF)
0039   07A7           00063 ADDWF result7,1  ; 0001 0000 Depassement de 3eme a 4eme Bit
                      00064 
Warning[203]: Found opcode in column 1. (BTFSC)
003A   1883           00065 BTFSC STATUS,DC  ; Si DC=0 On saute  un Instruction 
Warning[203]: Found opcode in column 1. (GOTO)
003B   283F           00066 GOTO optionDC2
Warning[203]: Found opcode in column 1. (MOVLW)
003C   3000           00067 MOVLW 0X00
MPASM  5.01                       STATUSB.ASM   9-4-2015  15:51:32         PAGE  3


LOC  OBJECT CODE     LINE SOURCE TEXT
  VALUE

Warning[203]: Found opcode in column 1. (MOVWF)
003D   00A2           00068 MOVWF DCbit1
Warning[203]: Found opcode in column 1. (GOTO)
003E   2841           00069 GOTO optionDC1
003F                  00070 optionDC2:
Warning[203]: Found opcode in column 1. (MOVLW)
003F   30FF           00071 MOVLW 0XFF     ;DC=1 car il ya depassement 0001 0000
Warning[203]: Found opcode in column 1. (MOVWF)
0040   00A2           00072 MOVWF DCbit1
0041                  00073 optionDC1
                      00074 
                      00075 ; NON Depassement DC=0  de 3eme Bit a 4eme Bit 
Warning[203]: Found opcode in column 1. (MOVLW)
0041   3010           00076 MOVLW 0X10; 0001 0000
Warning[203]: Found opcode in column 1. (MOVWF)
0042   00A8           00077 MOVWF result8
Warning[203]: Found opcode in column 1. (MOVLW)
0043   3001           00078 MOVLW 0X01
Warning[203]: Found opcode in column 1. (SUBWF)
0044   02A8           00079 SUBWF result8,1  ; 0000 1111=0x0F NON Depassement de 3eme a 4eme Bit
                      00080 
                      00081 ;BCF STATUS,DC  ; clear BIT DC forcement 
Warning[203]: Found opcode in column 1. (BTFSC)
0045   1883           00082 BTFSC STATUS,DC  ;Si DC=0 On saute  un Instruction 
Warning[203]: Found opcode in column 1. (GOTO)
0046   284A           00083 GOTO optionDC22
Warning[203]: Found opcode in column 1. (MOVLW)
0047   3000           00084 MOVLW 0X00       ;DC=0 car il n'y a pas depassement 0000 1111
Warning[203]: Found opcode in column 1. (MOVWF)
0048   00A4           00085 MOVWF DCbit2     
Warning[203]: Found opcode in column 1. (GOTO)
0049   284C           00086 GOTO optionDC11
004A                  00087 optionDC22:
Warning[203]: Found opcode in column 1. (MOVLW)
004A   30FF           00088 MOVLW 0XFF     
Warning[203]: Found opcode in column 1. (MOVWF)
004B   00A4           00089 MOVWF DCbit2
004C                  00090 optionDC11
Warning[205]: Found directive in column 1. (END)
                      00091 END
MPASM  5.01                       STATUSB.ASM   9-4-2015  15:51:32         PAGE  4


SYMBOL TABLE
  LABEL                             VALUE 

ACKDT                             00000005
ACKEN                             00000004
ACKSTAT                           00000006
ADCON0                            0000001F
ADCON1                            0000009F
ADCS0                             00000006
ADCS1                             00000007
ADDEN                             00000003
ADFM                              00000007
ADIE                              00000006
ADIF                              00000006
ADON                              00000000
ADRESH                            0000001E
ADRESL                            0000009E
BCLIE                             00000003
BCLIF                             00000003
BF                                00000000
BRGH                              00000002
C                                 00000000
CCP1CON                           00000017
CCP1IE                            00000002
CCP1IF                            00000002
CCP1M0                            00000000
CCP1M1                            00000001
CCP1M2                            00000002
CCP1M3                            00000003
CCP1X                             00000005
CCP1Y                             00000004
CCP2CON                           0000001D
CCP2IE                            00000000
CCP2IF                            00000000
CCP2M0                            00000000
CCP2M1                            00000001
CCP2M2                            00000002
CCP2M3                            00000003
CCP2X                             00000005
CCP2Y                             00000004
CCPR1H                            00000016
CCPR1L                            00000015
CCPR2H                            0000001C
CCPR2L                            0000001B
CHS0                              00000003
CHS1                              00000004
CHS2                              00000005
CKE                               00000006
CKP                               00000004
CREN                              00000004
CSRC                              00000007
D                                 00000005
DATA_ADDRESS                      00000005
DC                                00000001
DCbit1                            00000022
DCbit2                            00000024
MPASM  5.01                       STATUSB.ASM   9-4-2015  15:51:32         PAGE  5


SYMBOL TABLE
  LABEL                             VALUE 

D_A                               00000005
EEADR                             0000010D
EEADRH                            0000010F
EECON1                            0000018C
EECON2                            0000018D
EEDATA                            0000010C
EEDATH                            0000010E
EEIE                              00000004
EEIF                              00000004
EEPGD                             00000007
F                                 00000001
FERR                              00000002
FSR                               00000004
GCEN                              00000007
GIE                               00000007
GO                                00000002
GO_DONE                           00000002
I2C_DATA                          00000005
I2C_READ                          00000002
I2C_START                         00000003
I2C_STOP                          00000004
IBF                               00000007
IBOV                              00000005
INDF                              00000000
INTCON                            0000000B
INTE                              00000004
INTEDG                            00000006
INTF                              00000001
IRP                               00000007
NOT_A                             00000005
NOT_ADDRESS                       00000005
NOT_BO                            00000000
NOT_BOR                           00000000
NOT_DONE                          00000002
NOT_PD                            00000003
NOT_POR                           00000001
NOT_RBPU                          00000007
NOT_RC8                           00000006
NOT_T1SYNC                        00000002
NOT_TO                            00000004
NOT_TX8                           00000006
NOT_W                             00000002
NOT_WRITE                         00000002
OBF                               00000006
OERR                              00000001
OPTION_REG                        00000081
P                                 00000004
PCFG0                             00000000
PCFG1                             00000001
PCFG2                             00000002
PCFG3                             00000003
PCL                               00000002
PCLATH                            0000000A
MPASM  5.01                       STATUSB.ASM   9-4-2015  15:51:32         PAGE  6


SYMBOL TABLE
  LABEL                             VALUE 

PCON                              0000008E
PEIE                              00000006
PEN                               00000002
PIE1                              0000008C
PIE2                              0000008D
PIR1                              0000000C
PIR2                              0000000D
PORTA                             00000005
PORTB                             00000006
PORTC                             00000007
PORTD                             00000008
PORTE                             00000009
PR2                               00000092
PS0                               00000000
PS1                               00000001
PS2                               00000002
PSA                               00000003
PSPIE                             00000007
PSPIF                             00000007
PSPMODE                           00000004
R                                 00000002
RBIE                              00000003
RBIF                              00000000
RC8_9                             00000006
RC9                               00000006
RCD8                              00000000
RCEN                              00000003
RCIE                              00000005
RCIF                              00000005
RCREG                             0000001A
RCSTA                             00000018
RD                                00000000
READ_WRITE                        00000002
RP0                               00000005
RP1                               00000006
RSEN                              00000001
RX9                               00000006
RX9D                              00000000
R_W                               00000002
S                                 00000003
SEN                               00000000
SMP                               00000007
SPBRG                             00000099
SPEN                              00000007
SREN                              00000005
SSPADD                            00000093
SSPBUF                            00000013
SSPCON                            00000014
SSPCON2                           00000091
SSPEN                             00000005
SSPIE                             00000003
SSPIF                             00000003
SSPM0                             00000000
MPASM  5.01                       STATUSB.ASM   9-4-2015  15:51:32         PAGE  7


SYMBOL TABLE
  LABEL                             VALUE 

SSPM1                             00000001
SSPM2                             00000002
SSPM3                             00000003
SSPOV                             00000006
SSPSTAT                           00000094
STATUS                            00000003
SYNC                              00000004
T0CS                              00000005
T0IE                              00000005
T0IF                              00000002
T0SE                              00000004
T1CKPS0                           00000004
T1CKPS1                           00000005
T1CON                             00000010
T1INSYNC                          00000002
T1OSCEN                           00000003
T1SYNC                            00000002
T2CKPS0                           00000000
T2CKPS1                           00000001
T2CON                             00000012
TMR0                              00000001
TMR1CS                            00000001
TMR1H                             0000000F
TMR1IE                            00000000
TMR1IF                            00000000
TMR1L                             0000000E
TMR1ON                            00000000
TMR2                              00000011
TMR2IE                            00000001
TMR2IF                            00000001
TMR2ON                            00000002
TOUTPS0                           00000003
TOUTPS1                           00000004
TOUTPS2                           00000005
TOUTPS3                           00000006
TRISA                             00000085
TRISB                             00000086
TRISC                             00000087
TRISD                             00000088
TRISE                             00000089
TRISE0                            00000000
TRISE1                            00000001
TRISE2                            00000002
TRMT                              00000001
TX8_9                             00000006
TX9                               00000006
TX9D                              00000000
TXD8                              00000000
TXEN                              00000005
TXIE                              00000004
TXIF                              00000004
TXREG                             00000019
TXSTA                             00000098
MPASM  5.01                       STATUSB.ASM   9-4-2015  15:51:32         PAGE  8


SYMBOL TABLE
  LABEL                             VALUE 

UA                                00000001
W                                 00000000
WCOL                              00000007
WR                                00000001
WREN                              00000002
WRERR                             00000003
Z                                 00000002
Zbit1                             00000020
Zbit2                             00000021
_BODEN_OFF                        00003FBF
_BODEN_ON                         00003FFF
_CPD_OFF                          00003FFF
_CPD_ON                           00003EFF
_CP_ALL                           00000FCF
_CP_HALF                          00001FDF
_CP_OFF                           00003FFF
_CP_UPPER_256                     00002FEF
_DEBUG_OFF                        00003FFF
_DEBUG_ON                         000037FF
_HS_OSC                           00003FFE
_LP_OSC                           00003FFC
_LVP_OFF                          00003F7F
_LVP_ON                           00003FFF
_PWRTE_OFF                        00003FFF
_PWRTE_ON                         00003FF7
_RC_OSC                           00003FFF
_WDT_OFF                          00003FFB
_WDT_ON                           00003FFF
_WRT_ENABLE_OFF                   00003DFF
_WRT_ENABLE_ON                    00003FFF
_XT_OSC                           00003FFD
__16F877                          00000001
debut                             00000020
optionDC1                         00000041
optionDC11                        0000004C
optionDC2                         0000003F
optionDC22                        0000004A
optionZ1                          0000002B
optionZ11                         00000036
optionZ2                          00000029
optionZ22                         00000034
result5                           00000025
result6                           00000026
result7                           00000027
result8                           00000028
MPASM  5.01                       STATUSB.ASM   9-4-2015  15:51:32         PAGE  9


MEMORY USAGE MAP ('X' = Used,  '-' = Unused)


0000 : X--------------- ---------------- XXXXXXXXXXXXXXXX XXXXXXXXXXXXXXXX
0040 : XXXXXXXXXXXX---- ---------------- ---------------- ----------------

All other memory blocks unused.

Program Memory Words Used:    45
Program Memory Words Free:  8147


Errors   :     0
Warnings :    52 reported,     0 suppressed
Messages :     0 reported,     0 suppressed

