Warning[205] C:\USERS\JUANTORRES\TOTAL\MAPLAB\TP1OP\OPERATION.ASM 6 : Found directive in column 1. (ORG)
Warning[203] C:\USERS\JUANTORRES\TOTAL\MAPLAB\TP1OP\OPERATION.ASM 7 : Found opcode in column 1. (GOTO)
Warning[205] C:\USERS\JUANTORRES\TOTAL\MAPLAB\TP1OP\OPERATION.ASM 8 : Found directive in column 1. (ORG)
Warning[203] C:\USERS\JUANTORRES\TOTAL\MAPLAB\TP1OP\OPERATION.ASM 25 : Found opcode in column 1. (MOVLW)
Warning[203] C:\USERS\JUANTORRES\TOTAL\MAPLAB\TP1OP\OPERATION.ASM 26 : Found opcode in column 1. (SUBLW)
Warning[203] C:\USERS\JUANTORRES\TOTAL\MAPLAB\TP1OP\OPERATION.ASM 27 : Found opcode in column 1. (MOVWF)
Warning[203] C:\USERS\JUANTORRES\TOTAL\MAPLAB\TP1OP\OPERATION.ASM 30 : Found opcode in column 1. (MOVLW)
Warning[203] C:\USERS\JUANTORRES\TOTAL\MAPLAB\TP1OP\OPERATION.ASM 31 : Found opcode in column 1. (ANDLW)
Warning[203] C:\USERS\JUANTORRES\TOTAL\MAPLAB\TP1OP\OPERATION.ASM 32 : Found opcode in column 1. (MOVWF)
Warning[203] C:\USERS\JUANTORRES\TOTAL\MAPLAB\TP1OP\OPERATION.ASM 35 : Found opcode in column 1. (MOVLW)
Warning[203] C:\USERS\JUANTORRES\TOTAL\MAPLAB\TP1OP\OPERATION.ASM 36 : Found opcode in column 1. (IORLW)
Warning[203] C:\USERS\JUANTORRES\TOTAL\MAPLAB\TP1OP\OPERATION.ASM 37 : Found opcode in column 1. (MOVWF)
Warning[203] C:\USERS\JUANTORRES\TOTAL\MAPLAB\TP1OP\OPERATION.ASM 40 : Found opcode in column 1. (MOVLW)
Warning[203] C:\USERS\JUANTORRES\TOTAL\MAPLAB\TP1OP\OPERATION.ASM 41 : Found opcode in column 1. (XORLW)
Warning[203] C:\USERS\JUANTORRES\TOTAL\MAPLAB\TP1OP\OPERATION.ASM 42 : Found opcode in column 1. (MOVWF)
Warning[203] C:\USERS\JUANTORRES\TOTAL\MAPLAB\TP1OP\OPERATION.ASM 46 : Found opcode in column 1. (MOVLW)
Warning[203] C:\USERS\JUANTORRES\TOTAL\MAPLAB\TP1OP\OPERATION.ASM 47 : Found opcode in column 1. (MOVWF)
Warning[203] C:\USERS\JUANTORRES\TOTAL\MAPLAB\TP1OP\OPERATION.ASM 48 : Found opcode in column 1. (BCF)
Warning[203] C:\USERS\JUANTORRES\TOTAL\MAPLAB\TP1OP\OPERATION.ASM 50 : Found opcode in column 1. (RLF)
Warning[203] C:\USERS\JUANTORRES\TOTAL\MAPLAB\TP1OP\OPERATION.ASM 51 : Found opcode in column 1. (RLF)
Warning[205] C:\USERS\JUANTORRES\TOTAL\MAPLAB\TP1OP\OPERATION.ASM 54 : Found directive in column 1. (END)
